<?xml version="1.0" encoding="UTF-8" ?>
<testsuite errors="0" failures="0" hostname="WIN-9DGWQQ2" name="org.gjt.sp.jedit.textarea.ScreenLineManagerTest" skipped="0" tests="30" time="0.201" timestamp="2021-12-14T21:34:29">
  <properties>
[...]
</properties>
  <testcase classname="org.gjt.sp.jedit.textarea.ScreenLineManagerTest" name="contentInserted1AtEndBigArray" time="0.121" />
  <testcase classname="org.gjt.sp.jedit.textarea.ScreenLineManagerTest" name="contentInserted1lineAtStartSmallArray" time="0.008" />
  <testcase classname="org.gjt.sp.jedit.textarea.ScreenLineManagerTest" name="contentInserted4lineInMiddleSmallArray" time="0.001" />
  <testcase classname="org.gjt.sp.jedit.textarea.ScreenLineManagerTest" name="contentInserted0LineInMiddleSmallArray" time="0.001" />
  <testcase classname="org.gjt.sp.jedit.textarea.ScreenLineManagerTest" name="contentInserted1InMiddleSmallArray" time="0.001" />
  <testcase classname="org.gjt.sp.jedit.textarea.ScreenLineManagerTest" name="contentRemoved2lineInMiddle" time="0.002" />
  <testcase classname="org.gjt.sp.jedit.textarea.ScreenLineManagerTest" name="contentInserted0LineAtStartBigArray" time="0.002" />
  <testcase classname="org.gjt.sp.jedit.textarea.ScreenLineManagerTest" name="isScreenLineCountValidNegative" time="0.0" />
  <testcase classname="org.gjt.sp.jedit.textarea.ScreenLineManagerTest" name="setScreenLineCount" time="0.001" />
  <testcase classname="org.gjt.sp.jedit.textarea.ScreenLineManagerTest" name="contentRemoved1InMiddle" time="0.003" />
  <testcase classname="org.gjt.sp.jedit.textarea.ScreenLineManagerTest" name="contentRemoved0LineInMiddle" time="0.002" />
  <testcase classname="org.gjt.sp.jedit.textarea.ScreenLineManagerTest" name="contentInserted0LineInMiddleBigArray" time="0.001" />
  <testcase classname="org.gjt.sp.jedit.textarea.ScreenLineManagerTest" name="contentInserted0LineAtEndSmallArray" time="0.001" />
  <testcase classname="org.gjt.sp.jedit.textarea.ScreenLineManagerTest" name="isScreenLineCountValidNull" time="0.002" />
  <testcase classname="org.gjt.sp.jedit.textarea.ScreenLineManagerTest" name="isScreenLineCountValidOverLimit" time="0.002" />
  <testcase classname="org.gjt.sp.jedit.textarea.ScreenLineManagerTest" name="contentInserted1AtEndSmallArray" time="0.001" />
  <testcase classname="org.gjt.sp.jedit.textarea.ScreenLineManagerTest" name="invalidateScreenLineCounts" time="0.001" />
  <testcase classname="org.gjt.sp.jedit.textarea.ScreenLineManagerTest" name="contentRemoved0LineAtEnd" time="0.002" />
  <testcase classname="org.gjt.sp.jedit.textarea.ScreenLineManagerTest" name="contentInserted4lineInMiddleBigArray" time="0.002" />
  <testcase classname="org.gjt.sp.jedit.textarea.ScreenLineManagerTest" name="contentRemoved1lineAtStart" time="0.001" />
  <testcase classname="org.gjt.sp.jedit.textarea.ScreenLineManagerTest" name="contentInserted4lineAtStartBigArray" time="0.001" />
  <testcase classname="org.gjt.sp.jedit.textarea.ScreenLineManagerTest" name="contentRemoved2lineAtStart" time="0.001" />
  <testcase classname="org.gjt.sp.jedit.textarea.ScreenLineManagerTest" name="contentInserted1InMiddleBigArray" time="0.002" />
  <testcase classname="org.gjt.sp.jedit.textarea.ScreenLineManagerTest" name="contentInserted4lineAtStartSmallArray" time="0.001" />
  <testcase classname="org.gjt.sp.jedit.textarea.ScreenLineManagerTest" name="contentInserted0LineAtEndBigArray" time="0.001" />
  <testcase classname="org.gjt.sp.jedit.textarea.ScreenLineManagerTest" name="contentInserted4lineAtEndSmallArray" time="0.001" />
  <testcase classname="org.gjt.sp.jedit.textarea.ScreenLineManagerTest" name="contentInserted4lineAtEndBigArray" time="0.001" />
  <testcase classname="org.gjt.sp.jedit.textarea.ScreenLineManagerTest" name="contentInserted1lineAtStartBigArray" time="0.001" />
  <testcase classname="org.gjt.sp.jedit.textarea.ScreenLineManagerTest" name="contentRemoved0LineAtStart" time="0.001" />
  <testcase classname="org.gjt.sp.jedit.textarea.ScreenLineManagerTest" name="contentInserted0LineAtStartSmallArray" time="0.001" />
  <system-out><![CDATA[]]></system-out>
  <system-err><![CDATA[]]></system-err>
</testsuite>
